<?xml version="1.0" encoding="UTF-8"?>
<!-- Generated by org.testng.reporters.JUnitReportReporter -->
<testsuite hostname="DESKTOP-1KBM4TD" failures="0" tests="2" name="automation.testsuite.Tedu_CapNhatMatKhauTest" time="25.394" errors="0" timestamp="2024-12-04T07:24:57 ICT" skipped="0">
  <testcase classname="automation.testsuite.Tedu_CapNhatMatKhauTest" name="DangNhapThanhCong" time="11.170"/>
  <system-out/>
  <testcase classname="automation.testsuite.Tedu_CapNhatMatKhauTest" name="CapNhatMatKhauThanhCong" time="14.224"/>
  <system-out/>
</testsuite> <!-- automation.testsuite.Tedu_CapNhatMatKhauTest -->
