<?xml version="1.0" encoding="UTF-8"?>
<!-- Generated by org.testng.reporters.JUnitReportReporter -->
<testsuite hostname="DESKTOP-1KBM4TD" failures="0" tests="1" name="automation.testsuite.BaiTapVeNhaDay12" time="7.827" errors="0" timestamp="2024-11-20T19:36:23 ICT" skipped="0">
  <testcase classname="automation.testsuite.BaiTapVeNhaDay12" name="chooseSelectCountry" time="7.827"/>
  <system-out/>
</testsuite> <!-- automation.testsuite.BaiTapVeNhaDay12 -->
