<?xml version="1.0" encoding="UTF-8"?>
<!-- Generated by org.testng.reporters.JUnitReportReporter -->
<testsuite hostname="DESKTOP-1KBM4TD" failures="0" tests="1" name="automation.testsuite.PracticeXpathDay8" time="3.144" errors="0" timestamp="2024-11-03T16:12:05 ICT" skipped="0">
  <testcase classname="automation.testsuite.PracticeXpathDay8" name="getLocatorAutomationfc" time="3.144"/>
  <system-out/>
</testsuite> <!-- automation.testsuite.PracticeXpathDay8 -->
