<?xml version="1.0" encoding="UTF-8"?>
<!-- Generated by org.testng.reporters.JUnitReportReporter -->
<testsuite hostname="DESKTOP-1KBM4TD" failures="0" tests="2" name="automation.testsuite.Day12_Checkbox" time="54.120" errors="0" timestamp="2024-11-17T20:54:04 ICT" skipped="0">
  <testcase classname="automation.testsuite.Day12_Checkbox" name="clickonRadioButton" time="20.930"/>
  <system-out/>
  <testcase classname="automation.testsuite.Day12_Checkbox" name="checkDefaultRadioButton" time="33.190"/>
  <system-out/>
</testsuite> <!-- automation.testsuite.Day12_Checkbox -->
