<?xml version="1.0" encoding="UTF-8"?>
<!-- Generated by org.testng.reporters.JUnitReportReporter -->
<testsuite hostname="DESKTOP-1KBM4TD" failures="0" tests="1" name="automation.testsuite.Login" time="0.017" errors="0" timestamp="2024-10-29T22:33:11 ICT" skipped="0">
  <testcase classname="automation.testsuite.Login" name="testcase1" time="0.017"/>
  <system-out/>
</testsuite> <!-- automation.testsuite.Login -->
