<?xml version="1.0" encoding="UTF-8"?>
<!-- Generated by org.testng.reporters.JUnitReportReporter -->
<testsuite hostname="DESKTOP-1KBM4TD" failures="0" tests="1" name="automation.testsuite.LoginTest_Day14" time="9.310" errors="0" timestamp="2024-11-27T20:57:58 ICT" skipped="0">
  <testcase classname="automation.testsuite.LoginTest_Day14" name="LoginSucessfully" time="9.310"/>
  <system-out/>
</testsuite> <!-- automation.testsuite.LoginTest_Day14 -->
