<?xml version="1.0" encoding="UTF-8"?>
<!-- Generated by org.testng.reporters.JUnitReportReporter -->
<testsuite hostname="DESKTOP-1KBM4TD" failures="0" tests="1" name="automation.testsuite.BaiTapVeNhaDay12" time="13.675" errors="0" timestamp="2024-11-20T18:49:28 ICT" skipped="0">
  <testcase classname="automation.testsuite.BaiTapVeNhaDay12" name="chooseSelectCountry" time="13.675"/>
  <system-out/>
</testsuite> <!-- automation.testsuite.BaiTapVeNhaDay12 -->
