<?xml version="1.0" encoding="UTF-8"?>
<!-- Generated by org.testng.reporters.JUnitReportReporter -->
<testsuite hostname="DESKTOP-1KBM4TD" failures="0" tests="1" name="automation.testsuite.QuanLyNguoiDungTest" time="10.093" errors="0" timestamp="2024-11-30T13:32:29 ICT" skipped="0">
  <testcase classname="automation.testsuite.QuanLyNguoiDungTest" name="ThemNguoiDungThanhCong" time="10.093"/>
  <system-out/>
</testsuite> <!-- automation.testsuite.QuanLyNguoiDungTest -->
