<?xml version="1.0" encoding="UTF-8"?>
<!-- Generated by org.testng.reporters.JUnitReportReporter -->
<testsuite hostname="DESKTOP-1KBM4TD" failures="0" tests="1" name="automation.testsuite.LocatorPractise" time="184.461" errors="0" timestamp="2024-10-30T21:22:11 ICT" skipped="0">
  <testcase classname="automation.testsuite.LocatorPractise" name="getLocatorBepTu" time="184.461"/>
  <system-out/>
</testsuite> <!-- automation.testsuite.LocatorPractise -->
