<?xml version="1.0" encoding="UTF-8"?>
<!-- Generated by org.testng.reporters.JUnitReportReporter -->
<testsuite hostname="DESKTOP-1KBM4TD" failures="0" tests="5" name="automation.testsuite.LoginTest" time="59.383" errors="0" timestamp="2024-11-23T12:38:10 ICT" skipped="0">
  <testcase classname="automation.testsuite.LoginTest" name="loginSucessfully" time="10.089"/>
  <system-out/>
  <testcase classname="automation.testsuite.LoginTest" name="loginFail_IncorrectEmail" time="9.929"/>
  <system-out/>
  <testcase classname="automation.testsuite.LoginTest" name="loginFail_IncorrectPass" time="9.369"/>
  <system-out/>
  <testcase classname="automation.testsuite.LoginTest" name="loginFail_Incorrect" time="9.064"/>
  <system-out/>
  <testcase classname="automation.testsuite.LoginTest" name="logout" time="20.932"/>
  <system-out/>
</testsuite> <!-- automation.testsuite.LoginTest -->
